<?xml version="1.0" encoding="UTF-8"?>
<!-- Generated by org.testng.reporters.JUnitReportReporter -->
<testsuite hostname="Chaitu-Laptop" failures="0" tests="1" name="test.Class2" time="0.001" errors="0" timestamp="2022-02-03T23:16:43 AEDT" skipped="0">
  <testcase classname="test.Class2" name="Demo" time="0.001"/>
  <system-out/>
</testsuite> <!-- test.Class2 -->
