<?xml version="1.0" encoding="UTF-8"?>
<!-- Generated by org.testng.reporters.JUnitReportReporter -->
<testsuite hostname="Chaitu-Laptop" failures="0" tests="1" name="test.Class1" time="0.005" errors="0" timestamp="2022-02-03T23:16:43 AEDT" skipped="0">
  <testcase classname="test.Class1" name="Demo" time="0.005"/>
  <system-out/>
</testsuite> <!-- test.Class1 -->
